<?xml version="1.0" encoding="utf-8"?><testsuites name="pytest tests"><testsuite name="pytest" errors="0" failures="0" skipped="3" tests="244" time="7.264" timestamp="2026-08-14T13:26:48.738410-05:00" hostname="Roderick-Clemente"><testcase classname="tests.test_chunk_close_banner" name="test_signal_present_when_token_verifies" time="0.004" /><testcase classname="tests.test_chunk_close_banner" name="test_signal_absent_when_token_refuses" time="0.002" /><testcase classname="tests.test_chunk_close_banner" name="test_absence_triggers_checklist_pointer_on_missing_token" time="0.001" /><testcase classname="tests.test_chunk_close_banner" name="test_signal_present_only_when_all_paths_executed" time="0.002" /><testcase classname="tests.test_chunk_close_banner" name="test_cli_emits_check_on_stdout" time="0.065" /><testcase classname="tests.test_chunk_close_banner" name="test_cli_emits_bang_on_refusal" time="0.060" /><testcase classname="tests.test_chunk_sequence_gate" name="test_prior_token_missing_refuses" time="0.001" /><testcase classname="tests.test_chunk_sequence_gate" name="test_prior_token_invalid_signature_refuses" time="0.002" /><testcase classname="tests.test_chunk_sequence_gate" name="test_prior_token_valid_proceeds" time="0.002" /><testcase classname="tests.test_chunk_sequence_gate" name="test_check_current_head_match_proceeds" time="0.239" /><testcase classname="tests.test_chunk_sequence_gate" name="test_check_current_head_mismatch_refuses" time="0.029" /><testcase classname="tests.test_chunk_sequence_gate" name="test_cli_exit_6_on_refusal" time="0.061" /><testcase classname="tests.test_chunk_sequence_gate" name="test_cli_exit_0_on_proceed" time="0.068" /><testcase classname="tests.test_cross_family_review" name="test_missing_reviewer_refuses" time="0.000" /><testcase classname="tests.test_cross_family_review" name="test_single_reviewer_refuses" time="0.000" /><testcase classname="tests.test_cross_family_review" name="test_same_family_refuses" time="0.000" /><testcase classname="tests.test_cross_family_review" name="test_unknown_family_refuses" time="0.000" /><testcase classname="tests.test_cross_family_review" name="test_implementer_unknown_refuses" time="0.002" /><testcase classname="tests.test_cross_family_review" name="test_non_accept_verdict_refuses" time="0.001" /><testcase classname="tests.test_cross_family_review" name="test_verdict_count_mismatch_refuses" time="0.000" /><testcase classname="tests.test_cross_family_review" name="test_dual_accept_emits_token" time="0.000" /><testcase classname="tests.test_cross_family_review" name="test_token_is_revocable_on_state_change" time="0.000" /><testcase classname="tests.test_cross_family_review" name="test_cli_refuses_unknown_family" time="0.091" /><testcase classname="tests.test_cross_family_review" name="test_cli_emits_token_on_dual_accept" time="0.128" /><testcase classname="tests.test_cross_family_review" name="test_envelope_is_placeholder_detects_homogeneous_leading_run" time="0.000" /><testcase classname="tests.test_cross_family_review" name="test_envelope_is_placeholder_detects_length_and_charset" time="0.001" /><testcase classname="tests.test_cross_family_review" name="test_envelope_is_placeholder_accepts_uniform_sha" time="0.000" /><testcase classname="tests.test_cross_family_review" name="test_placeholder_envelope_refuses_in_panel" time="0.001" /><testcase classname="tests.test_cross_family_review" name="test_real_envelope_sha_passes_panel_check" time="0.001" /><testcase classname="tests.test_cross_family_review" name="test_cli_refuses_placeholder_envelope" time="0.060" /><testcase classname="tests.test_evidence_consolidation_d2" name="test_top_level_source_is_absent_and_all_34_destinations_exist" time="0.001" /><testcase classname="tests.test_evidence_consolidation_d2" name="test_relocated_bytes_match_pre_move_sha256_inventory" time="0.014" /><testcase classname="tests.test_evidence_consolidation_d2" name="test_canonical_d1_tree_remains_byte_identical" time="0.005" /><testcase classname="tests.test_evidence_consolidation_d2" name="test_duplicate_index_names_existing_canonical_and_retained_paths" time="0.006" /><testcase classname="tests.test_evidence_consolidation_d2" name="test_d1_tokens_are_unchanged" time="0.013" /><testcase classname="tests.test_install_skill_phase5" name="test_canonical_skill_has_rule_nine_chunk_close_is_gated" time="0.002" /><testcase classname="tests.test_install_skill_phase5" name="test_install_skill_emits_rule_nine_to_factory_claude_cursors" time="0.155" /><testcase classname="tests.test_layout_paths" name="test_path_root_constants_have_expected_values_and_exist" time="0.000"><skipped type="pytest.skip" message="constants flipped by chunk-D1-2; see test_layout_paths_chunk2.py">/Users/m3racbookpro/Work/adversarial-sprint/tests/test_layout_paths.py:56: constants flipped by chunk-D1-2; see test_layout_paths_chunk2.py</skipped></testcase><testcase classname="tests.test_layout_paths" name="test_phase_path_helper_signature_and_composition" time="0.001"><skipped type="pytest.skip" message="constants flipped by chunk-D1-2; see test_layout_paths_chunk2.py">/Users/m3racbookpro/Work/adversarial-sprint/tests/test_layout_paths.py:56: constants flipped by chunk-D1-2; see test_layout_paths_chunk2.py</skipped></testcase><testcase classname="tests.test_layout_paths" name="test_no_residual_hardcoded_phase_paths_in_routed_code" time="0.000"><skipped type="pytest.skip" message="constants flipped by chunk-D1-2; see test_layout_paths_chunk2.py">/Users/m3racbookpro/Work/adversarial-sprint/tests/test_layout_paths.py:56: constants flipped by chunk-D1-2; see test_layout_paths_chunk2.py</skipped></testcase><testcase classname="tests.test_layout_paths_chunk2" name="test_chunk2_constants_have_flipped_values_and_resolve" time="0.000" /><testcase classname="tests.test_layout_paths_chunk2" name="test_chunk2_phase_path_composes_new_paths" time="0.001" /><testcase classname="tests.test_layout_paths_chunk2" name="test_chunk2_no_residual_paths_in_moved_code" time="0.159" /><testcase classname="tests.test_layout_paths_chunk2a" name="test_chunk2a_evidence_roots_resolve_to_existing_dirs[tools/phase-3-gen/gen-telemetry.py]" time="0.004" /><testcase classname="tests.test_layout_paths_chunk2a" name="test_chunk2a_evidence_roots_resolve_to_existing_dirs[tools/phase-3.1-gen/gen-telemetry.py]" time="0.002" /><testcase classname="tests.test_layout_paths_chunk2a" name="test_chunk2a_evidence_roots_resolve_to_existing_dirs[tools/phase-4-gen/reconstruct-telemetry.py]" time="0.004" /><testcase classname="tests.test_layout_paths_chunk2a" name="test_chunk2a_runs_path_is_the_real_sor" time="0.001" /><testcase classname="tests.test_layout_paths_chunk2a" name="test_chunk2a_no_forked_telemetry_dir_on_disk" time="0.002" /><testcase classname="tests.test_layout_paths_chunk2a" name="test_chunk2a_sor_is_not_empty" time="0.001" /><testcase classname="tests.test_layout_paths_chunk2a" name="test_chunk2a_no_stale_phase_prefix_literals[tools/phase-3-gen/gen-telemetry.py]" time="0.002" /><testcase classname="tests.test_layout_paths_chunk2a" name="test_chunk2a_no_stale_phase_prefix_literals[tools/phase-3.1-gen/gen-telemetry.py]" time="0.002" /><testcase classname="tests.test_layout_paths_chunk2a" name="test_chunk2a_no_stale_phase_prefix_literals[tools/phase-4-gen/gen-findings.py]" time="0.005" /><testcase classname="tests.test_layout_paths_chunk2a" name="test_chunk2a_no_stale_phase_prefix_literals[tools/phase-4-gen/reconstruct-telemetry.py]" time="0.003" /><testcase classname="tests.test_layout_paths_chunk2a" name="test_chunk2a_emitted_envelope_paths_resolve[tools/phase-3-gen/gen-telemetry.py]" time="0.061" /><testcase classname="tests.test_layout_paths_chunk2a" name="test_chunk2a_emitted_envelope_paths_resolve[tools/phase-3.1-gen/gen-telemetry.py]" time="0.063" /><testcase classname="tests.test_layout_paths_chunk2a" name="test_chunk2a_emitted_envelope_paths_resolve[tools/phase-4-gen/reconstruct-telemetry.py]" time="0.066" /><testcase classname="tests.test_layout_paths_chunk2a" name="test_chunk2a_probe_writes_land_only_on_the_sor[tools/phase-3-gen/gen-telemetry.py]" time="0.055" /><testcase classname="tests.test_layout_paths_chunk2a" name="test_chunk2a_probe_writes_land_only_on_the_sor[tools/phase-3.1-gen/gen-telemetry.py]" time="0.054" /><testcase classname="tests.test_layout_paths_chunk2a" name="test_chunk2a_probe_writes_land_only_on_the_sor[tools/phase-4-gen/reconstruct-telemetry.py]" time="0.058" /><testcase classname="tests.test_layout_paths_chunk2a" name="test_chunk2a_gen_findings_has_no_cwd_relative_opens" time="0.005" /><testcase classname="tests.test_layout_paths_chunk2a" name="test_chunk2a_gen_findings_runs_from_a_foreign_cwd" time="0.059" /><testcase classname="tests.test_layout_paths_chunk2a" name="test_chunk2a_reconstruct_telemetry_dry_run_from_foreign_cwd" time="0.076" /><testcase classname="tests.test_layout_paths_chunk2a" name="test_chunk2a_lock_py_default_locks_dir_is_locks_root" time="0.004" /><testcase classname="tests.test_layout_paths_chunk2a" name="test_chunk2a_lock_tooling_has_no_stale_phase_literals[tools/phase-1-scripts/lock.py]" time="0.002" /><testcase classname="tests.test_layout_paths_chunk2a" name="test_chunk2a_lock_tooling_has_no_stale_phase_literals[tools/phase-1-hooks/locked-test-guard.py]" time="0.003" /><testcase classname="tests.test_layout_paths_chunk2a" name="test_chunk2a_sprint_loop_fixture_uses_taxonomy_roots" time="0.001" /><testcase classname="tests.test_layout_paths_chunk3" name="test_chunk3_surface_is_non_empty" time="0.001" /><testcase classname="tests.test_layout_paths_chunk3" name="test_chunk3_no_dead_relative_links" time="0.010" /><testcase classname="tests.test_layout_paths_chunk3" name="test_chunk3_readme_named_targets_resolve" time="0.001" /><testcase classname="tests.test_layout_paths_chunk3" name="test_chunk3_readme_layout_block_is_current" time="0.000" /><testcase classname="tests.test_layout_paths_chunk3" name="test_chunk3_path_redirects_exists" time="0.000" /><testcase classname="tests.test_layout_paths_chunk3" name="test_chunk3_every_residual_token_is_accounted_for" time="0.011" /><testcase classname="tests.test_layout_paths_chunk3" name="test_chunk3_no_stale_exception_rows" time="0.010" /><testcase classname="tests.test_layout_paths_chunk3" name="test_chunk3_redirect_table_targets_resolve" time="0.001" /><testcase classname="tests.test_layout_paths_chunk3" name="test_chunk3_ledger_moved_to_evidence_root" time="0.001" /><testcase classname="tests.test_layout_paths_chunk3" name="test_chunk3_ledger_rename_carried_no_content_edit" time="0.196" /><testcase classname="tests.test_layout_paths_chunk3" name="test_chunk3_ledger_history_is_preserved" time="0.142" /><testcase classname="tests.test_layout_paths_chunk3" name="test_chunk3_existing_judges_byte_unchanged[tests/test_layout_paths.py-cb00dfac]" time="0.001" /><testcase classname="tests.test_layout_paths_chunk3" name="test_chunk3_existing_judges_byte_unchanged[tests/test_layout_paths_chunk2.py-48a579f8]" time="0.000" /><testcase classname="tests.test_layout_paths_chunk3" name="test_chunk3_redirect_only_surfaces_untouched" time="0.032" /><testcase classname="tests.test_layout_paths_chunk4" name="test_chunk4_script_paths_resolve_to_existing_files" time="0.000" /><testcase classname="tests.test_layout_paths_chunk4" name="test_chunk4_subjects_cover_all_four_direct_invocations" time="0.000" /><testcase classname="tests.test_persistent_referee_stub" name="test_parse_steer_returns_empty_when_missing" time="0.002" /><testcase classname="tests.test_persistent_referee_stub" name="test_parse_steer_ignores_lines_before_last_complete" time="0.001" /><testcase classname="tests.test_persistent_referee_stub" name="test_parse_steer_handles_refused_marker_as_completion" time="0.001" /><testcase classname="tests.test_persistent_referee_stub" name="test_validate_request_refuses_missing_path" time="0.002" /><testcase classname="tests.test_persistent_referee_stub" name="test_validate_request_refuses_empty_paths" time="0.002" /><testcase classname="tests.test_persistent_referee_stub" name="test_validate_request_refuses_bad_commit_sha" time="0.002" /><testcase classname="tests.test_persistent_referee_stub" name="test_validate_request_accepts_real_envelope" time="0.001" /><testcase classname="tests.test_persistent_referee_stub" name="test_build_signed_token_uses_stub_key_isolates_build_key" time="0.002" /><testcase classname="tests.test_persistent_referee_stub" name="test_process_request_writes_completion_to_steer" time="0.003" /><testcase classname="tests.test_persistent_referee_stub" name="test_process_request_appends_refused_marker_on_missing_path" time="0.001" /><testcase classname="tests.test_persistent_referee_stub" name="test_one_shot_poll_processes_pending_requests" time="0.003" /><testcase classname="tests.test_persistent_referee_stub" name="test_one_shot_poll_no_pending_returns_zero" time="0.001" /><testcase classname="tests.test_persistent_referee_stub" name="test_cli_once_exit_code_zero_on_pending" time="0.069" /><testcase classname="tests.test_persistent_referee_stub" name="test_cli_requires_explicit_once_or_poll" time="0.062" /><testcase classname="tests.test_plan_lint.TestInterface" name="test_help_exits_0" time="0.076" /><testcase classname="tests.test_plan_lint.TestInterface" name="test_missing_plan_arg_exits_2" time="0.048" /><testcase classname="tests.test_plan_lint.TestInterface" name="test_nonexistent_plan_exits_2" time="0.051" /><testcase classname="tests.test_plan_lint.TestInterface" name="test_json_output_written_on_block" time="0.051" /><testcase classname="tests.test_plan_lint.TestFailClosed" name="test_missing_repo_root_exits_2" time="0.052" /><testcase classname="tests.test_plan_lint.TestFailClosed" name="test_missing_ground_truth_artifact_exits_2" time="0.058" /><testcase classname="tests.test_plan_lint.TestFailClosed" name="test_unreadable_artifact_exits_2" time="0.056" /><testcase classname="tests.test_plan_lint.TestGreenFixture" name="test_green_plan_passes" time="0.051" /><testcase classname="tests.test_plan_lint.TestRule1FieldPath" name="test_v3_blocks_on_schema_field" time="0.050" /><testcase classname="tests.test_plan_lint.TestRule1FieldPath" name="test_field_path_missing_in_artifact_blocks" time="0.072" /><testcase classname="tests.test_plan_lint.TestRule2CliFlags" name="test_nonexistent_flag_blocks" time="0.054" /><testcase classname="tests.test_plan_lint.TestRule2CliFlags" name="test_existing_flag_passes" time="0.056" /><testcase classname="tests.test_plan_lint.TestRule3ModelIds" name="test_family_label_as_model_id_blocks" time="0.066" /><testcase classname="tests.test_plan_lint.TestRule3ModelIds" name="test_valid_model_id_passes" time="0.052" /><testcase classname="tests.test_plan_lint.TestRule4InternalConsistency" name="test_v4_blocks_on_arity" time="0.076" /><testcase classname="tests.test_plan_lint.TestRule4InternalConsistency" name="test_v5_blocks_on_filename" time="0.052" /><testcase classname="tests.test_plan_lint.TestRule4InternalConsistency" name="test_inconsistent_naming_blocks" time="0.054" /><testcase classname="tests.test_plan_lint.TestRule5CallSignature" name="test_v6_blocks_on_call_signature" time="0.052" /><testcase classname="tests.test_plan_lint.TestRule5CallSignature" name="test_wrong_arity_blocks" time="0.063" /><testcase classname="tests.test_plan_lint.TestRule5CallSignature" name="test_wrong_param_name_blocks" time="0.050" /><testcase classname="tests.test_plan_lint.TestRule6RequiredAnchors" name="test_vague_gate_predicate_blocks" time="0.049" /><testcase classname="tests.test_plan_lint.TestRule6RequiredAnchors" name="test_resolvable_gate_predicate_passes" time="0.053" /><testcase classname="tests.test_plan_lint.TestRule7FilePaths" name="test_nonexistent_path_blocks" time="0.057" /><testcase classname="tests.test_plan_lint.TestRule7FilePaths" name="test_existing_path_passes" time="0.051" /><testcase classname="tests.test_plan_lint.TestRule7FilePaths" name="test_to_be_created_path_passes" time="0.050" /><testcase classname="tests.test_plan_lint.TestHeuristicMode" name="test_no_contract_never_blocks" time="0.049" /><testcase classname="tests.test_plan_lint.TestHeuristicMode" name="test_heuristic_mode_warns_not_blocks" time="0.050" /><testcase classname="tests.test_plan_lint.TestHeuristicRevisionHistoryExclusion" name="test_revision_history_excluded" time="0.058" /><testcase classname="tests.test_plan_lint.TestHeuristicRevisionHistoryExclusion" name="test_changelog_excluded" time="0.051" /><testcase classname="tests.test_plan_lint.TestHeuristicRecall" name="test_backticked_field_path_warns" time="0.069" /><testcase classname="tests.test_plan_lint.TestHeuristicRecall" name="test_backticked_model_id_warns_on_type_confusion" time="0.061" /><testcase classname="tests.test_plan_lint.TestHeuristicRecall" name="test_backticked_call_expression_warns_on_mismatch" time="0.053" /><testcase classname="tests.test_plan_lint.TestHeuristicFixtures" name="test_v3_without_sidecar_zero_blocks" time="0.068" /><testcase classname="tests.test_plan_lint.TestHeuristicFixtures" name="test_v4_without_sidecar_zero_blocks" time="0.072" /><testcase classname="tests.test_plan_lint.TestHeuristicFixtures" name="test_v5_without_sidecar_zero_blocks" time="0.108" /><testcase classname="tests.test_plan_lint.TestHeuristicFixtures" name="test_v6_without_sidecar_zero_blocks" time="0.079" /><testcase classname="tests.test_plan_lint.TestHeuristicFixtures" name="test_v6_without_sidecar_warns_on_call_signature" time="0.083" /><testcase classname="tests.test_plan_lint.TestNegativeFixture" name="test_negative_prose_zero_findings" time="0.049" /><testcase classname="tests.test_plan_lint.TestContractPrecedence" name="test_fenced_block_wins_over_contract_flag" time="0.053" /><testcase classname="tests.test_plan_lint.TestTelemetryShape" name="test_lint_writes_plan_lint_runs_not_runs" time="0.051" /><testcase classname="tests.test_plan_lint.TestHeadingDiscriminator" name="test_subheading_after_changelog_resets" time="0.065" /><testcase classname="tests.test_plan_lint.TestNegationScoping" name="test_positive_claim_checked_alongside_negated" time="0.053" /><testcase classname="tests.test_plan_lint.TestCompanionTier" name="test_companion_alone_loads_and_can_block" time="0.054" /><testcase classname="tests.test_plan_lint.TestCompanionTier" name="test_companion_alone_passes_when_claims_resolve" time="0.058" /><testcase classname="tests.test_plan_lint.TestCompanionTier" name="test_contract_flag_beats_companion" time="0.059" /><testcase classname="tests.test_plan_lint.TestCompanionTier" name="test_fence_beats_companion" time="0.052" /><testcase classname="tests.test_plan_lint.TestCompanionTier" name="test_companion_naming_strips_md_suffix" time="0.051" /><testcase classname="tests.test_plan_lint.TestCompanionTier" name="test_heuristic_fixtures_companion_free" time="0.002" /><testcase classname="tests.test_repo_layout" name="test_top_level_entries_are_allowlisted" time="0.062" /><testcase classname="tests.test_sign_chunk_token" name="test_canonical_json_is_key_sorted_and_dense" time="0.001" /><testcase classname="tests.test_sign_chunk_token" name="test_hmac_sha256_hex_uses_sort_keys" time="0.001" /><testcase classname="tests.test_sign_chunk_token" name="test_build_token_refuses_on_short_chunk_commit_sha" time="0.002" /><testcase classname="tests.test_sign_chunk_token" name="test_build_token_refuses_on_missing_reviewer_field" time="0.000" /><testcase classname="tests.test_sign_chunk_token" name="test_build_token_refuses_on_disallowed_verdict" time="0.000" /><testcase classname="tests.test_sign_chunk_token" name="test_build_token_refuses_when_signing_key_unset" time="0.001" /><testcase classname="tests.test_sign_chunk_token" name="test_verify_token_round_trip_with_key" time="0.000" /><testcase classname="tests.test_sign_chunk_token" name="test_verify_token_refuses_on_signature_tamper" time="0.001" /><testcase classname="tests.test_sign_chunk_token" name="test_verify_token_refuses_on_algorithm_tamper" time="0.000" /><testcase classname="tests.test_sign_chunk_token" name="test_verify_token_refuses_when_key_unset" time="0.001" /><testcase classname="tests.test_sign_chunk_token" name="test_verify_token_refuses_on_unsigned" time="0.001" /><testcase classname="tests.test_sign_chunk_token" name="test_verify_token_refuses_on_non_dict" time="0.001" /><testcase classname="tests.test_sign_chunk_token" name="test_replay_chunk13_succeeds" time="0.082" /><testcase classname="tests.test_sign_chunk_token" name="test_cli_sign_then_verify_subprocess" time="0.112" /><testcase classname="tests.test_sign_chunk_token" name="test_cli_verify_refuses_tampered_token" time="0.122" /><testcase classname="tests.test_sprint_loop" name="test_role_enum_strings_are_stable_contract" time="0.000" /><testcase classname="tests.test_sprint_loop" name="test_separation_binding_roles_match_prd_17" time="0.001" /><testcase classname="tests.test_sprint_loop" name="test_default_enabled_tools_per_role_are_distinct" time="0.000" /><testcase classname="tests.test_sprint_loop" name="test_family_guard_passes_for_separated_panel" time="0.000" /><testcase classname="tests.test_sprint_loop" name="test_family_guard_catches_planner_reviewer1_collision_only_f1" time="0.002" /><testcase classname="tests.test_sprint_loop" name="test_family_guard_catches_planner_reviewer_collision" time="0.000" /><testcase classname="tests.test_sprint_loop" name="test_family_guard_catches_test_designer_executor_collision" time="0.000" /><testcase classname="tests.test_sprint_loop" name="test_family_guard_catches_validator_executor_collision" time="0.001" /><testcase classname="tests.test_sprint_loop" name="test_family_guard_requires_two_distinct_validator_families" time="0.000" /><testcase classname="tests.test_sprint_loop" name="test_family_guard_test_designer_collide_allowed_with_override" time="0.000" /><testcase classname="tests.test_sprint_loop" name="test_family_guard_known_model_lookups" time="0.001" /><testcase classname="tests.test_sprint_loop" name="test_family_guard_unknown_model_resolves_to_unknown_family" time="0.000" /><testcase classname="tests.test_sprint_loop" name="test_family_guard_unknown_model_fails_separation" time="0.000" /><testcase classname="tests.test_sprint_loop" name="test_chunk_state_retry_count_increments_are_deterministic" time="0.000" /><testcase classname="tests.test_sprint_loop" name="test_runstate_serialises_and_restores_role_assignments" time="0.000" /><testcase classname="tests.test_sprint_loop" name="test_validate_run_id_rejects_unsafe" time="0.001" /><testcase classname="tests.test_sprint_loop" name="test_build_config_from_json_only" time="0.002" /><testcase classname="tests.test_sprint_loop" name="test_build_config_cli_overrides_json" time="0.002" /><testcase classname="tests.test_sprint_loop" name="test_build_config_validates_missing_framework_root" time="0.001" /><testcase classname="tests.test_sprint_loop" name="test_build_config_validates_missing_pilot" time="0.002" /><testcase classname="tests.test_sprint_loop" name="test_build_config_rejects_empty_validators" time="0.002" /><testcase classname="tests.test_sprint_loop" name="test_build_config_warns_on_unknown_json_keys" time="0.002" /><testcase classname="tests.test_sprint_loop" name="test_validators_string_parser" time="0.000" /><testcase classname="tests.test_sprint_loop" name="test_config_provider_family_lookup" time="0.001" /><testcase classname="tests.test_sprint_loop" name="test_config_default_locks_dir" time="0.000" /><testcase classname="tests.test_sprint_loop" name="test_config_default_evidence_dir" time="0.000" /><testcase classname="tests.test_sprint_loop" name="test_role_assignments_materialise_from_config" time="0.002" /><testcase classname="tests.test_sprint_loop" name="test_invoke_options_default_skip_run_with_model_disallowed_in_production" time="0.008" /><testcase classname="tests.test_sprint_loop" name="test_droid_dry_run_writes_synthetic_envelope" time="0.003" /><testcase classname="tests.test_sprint_loop" name="test_droid_live_record_preserves_curated_family_label" time="0.002" /><testcase classname="tests.test_sprint_loop" name="test_post_resolution_recheck_refuses_same_family_collision_from_live_record" time="0.043" /><testcase classname="tests.test_sprint_loop" name="test_post_resolution_recheck_refuses_unknown_family_from_live_record" time="0.033" /><testcase classname="tests.test_sprint_loop" name="test_chunk_loop_refuses_after_executor_family_collision" time="0.029" /><testcase classname="tests.test_sprint_loop" name="test_backends_local_dry_run_returns_accept" time="0.001" /><testcase classname="tests.test_sprint_loop" name="test_backends_local_refuses_missing_orchestrator" time="0.001" /><testcase classname="tests.test_sprint_loop" name="test_backends_local_refuses_missing_chunk_keys" time="0.002" /><testcase classname="tests.test_sprint_loop" name="test_backends_ci_stub_raises_with_actionable_message" time="0.000" /><testcase classname="tests.test_sprint_loop" name="test_backends_build_factory_rejects_unknown" time="0.000" /><testcase classname="tests.test_sprint_loop" name="test_backends_name_constants_are_stable" time="0.001" /><testcase classname="tests.test_sprint_loop" name="test_prompt_templates_exist_for_all_five_roles" time="0.000" /><testcase classname="tests.test_sprint_loop" name="test_prompt_templates_never_embed_the_implementation" time="0.000" /><testcase classname="tests.test_sprint_loop" name="test_prompt_renderer_substitutes_variables" time="0.002" /><testcase classname="tests.test_sprint_loop" name="test_prompt_renderer_to_file" time="0.001" /><testcase classname="tests.test_sprint_loop" name="test_prompt_renderer_rejects_missing_template" time="0.001" /><testcase classname="tests.test_sprint_loop" name="test_prompt_templates_render_against_minimal_context" time="0.003" /><testcase classname="tests.test_sprint_loop" name="test_validate_red_dry_run_returns_valid_envelope" time="0.001" /><testcase classname="tests.test_sprint_loop" name="test_produce_evidence_dry_run_roundtrip" time="0.001" /><testcase classname="tests.test_sprint_loop" name="test_verify_green_dry_run_returns_true" time="0.002" /><testcase classname="tests.test_sprint_loop" name="test_render_test_designer_prompt_substitutes" time="0.001" /><testcase classname="tests.test_sprint_loop" name="test_render_executor_prompt_substitutes" time="0.001" /><testcase classname="tests.test_sprint_loop" name="test_per_chunk_invoke_runs_dry_run_then_writes_envelope" time="0.003" /><testcase classname="tests.test_sprint_loop" name="test_per_chunk_local_backend_dry_run_propagates_gate" time="0.002" /><testcase classname="tests.test_sprint_loop" name="test_sprint_loop_dry_run_end_to_end" time="0.016" /><testcase classname="tests.test_sprint_loop" name="test_sprint_loop_dry_run_refuses_unknown_validator_family" time="0.007" /><testcase classname="tests.test_sprint_loop" name="test_run_with_model_refuses_mission_by_default" time="0.050" /><testcase classname="tests.test_sprint_loop" name="test_run_with_model_allows_mission_with_override" time="0.048" /><testcase classname="tests.test_sprint_loop" name="test_run_with_model_refuses_unset_droid_model_id" time="0.034" /><testcase classname="tests.test_sprint_loop" name="test_skill_md_carries_digest_inline" time="0.028" /><testcase classname="tests.test_sprint_loop" name="test_skill_md_indexes_full_rules_by_section" time="0.037" /><testcase classname="tests.test_sprint_loop" name="test_skill_md_documents_rehydration_for_long_jobs" time="0.028" /><testcase classname="tests.test_sprint_loop" name="test_skill_md_is_compact_well_under_index_content" time="0.056" /><testcase classname="tests.test_sprint_loop" name="test_local_backend_refuses_closed_when_signing_key_unset_f10" time="0.028" /><testcase classname="tests.test_sprint_loop" name="test_local_backend_dry_run_simulates_accept_regardless_of_key" time="0.002" /><testcase classname="tests.test_sprint_loop" name="test_enforce_5_3_preconditions_refuses_no_bound_approve_f7" time="0.032" /><testcase classname="tests.test_sprint_loop" name="test_enforce_5_3_preconditions_refuses_open_blocker_high_f7" time="0.028" /><testcase classname="tests.test_sprint_loop" name="test_enforce_5_3_preconditions_passes_with_bound_approve_and_clean_findings" time="0.027" /><testcase classname="tests.test_sprint_loop" name="test_no_recursion_in_droid_invoke_retry_loop_f8" time="0.001" /><testcase classname="tests.test_sprint_loop" name="test_install_paths_resolve_to_canonical_body" time="0.306" /><testcase classname="tests.test_sprint_loop" name="test_install_paths_commit_paths_exist" time="0.192" /><testcase classname="tests.test_sprint_loop" name="test_skills_have_yml_frontmatter" time="0.028" /><testcase classname="tests.test_sprint_loop" name="test_sprint_invocation_skill_is_small_and_trigger_focused" time="0.030" /><testcase classname="tests.test_sprint_loop" name="test_skill_distribution_convention_doc_exists" time="0.026" /><testcase classname="tests.test_sprint_loop" name="test_agents_md_cross_references_skill_canonical" time="0.028" /><testcase classname="tests.test_sprint_loop" name="test_commit_chunk_force_adds_evidence_g10" time="0.042" /><testcase classname="tests.test_sprint_loop" name="test_install_skill_sh_cursor_mdc_body_matches_canonical_g6" time="0.030" /><testcase classname="tests.test_sprint_loop" name="test_unattended_writes_checkpoint_on_refusal_g7" time="0.004" /><testcase classname="tests.test_sprint_loop" name="test_skip_reconcile_still_enforces_5_3_g8" time="0.002" /><testcase classname="tests.test_sprint_loop" name="test_no_dry_run_coercion_h2_h14" time="0.001" /><testcase classname="tests.test_sprint_loop" name="test_factory_skills_unignored_in_gitignore_g4" time="0.037" /><testcase classname="tests.test_sprint_loop" name="test_install_skill_sh_runs_without_bound_recursion_g5" time="0.028" /><testcase classname="tests.test_sprint_loop" name="test_meta_skill_no_invocation_block_g2" time="0.027" /><testcase classname="tests.test_sprint_loop" name="test_runner_help_exposes_unattended" time="0.092" /><testcase classname="tests.test_sprint_loop" name="test_run_sprint_overlay_template_exists_g3" time="0.038" /><testcase classname="tests.test_sprint_loop" name="test_overlay_replaces_examples" time="0.028" /></testsuite></testsuites>